c:\users\dre\documents\github\general-vector-class-cpp\general .946c3a1b\win32\debug\vc143.pdb
c:\users\dre\documents\github\general-vector-class-cpp\general .946c3a1b\win32\debug\vc143.idb
c:\users\dre\documents\github\general-vector-class-cpp\general .946c3a1b\win32\debug\vector4.obj
c:\users\dre\documents\github\general-vector-class-cpp\general .946c3a1b\win32\debug\vector3.obj
c:\users\dre\documents\github\general-vector-class-cpp\general .946c3a1b\win32\debug\vector2.obj
c:\users\dre\documents\github\general-vector-class-cpp\general .946c3a1b\win32\debug\unittests.obj
c:\users\dre\documents\github\general-vector-class-cpp\general .946c3a1b\win32\debug\vector.obj
c:\users\dre\documents\github\general-vector-class-cpp\general .946c3a1b\win32\debug\fastinvsqrt.obj
c:\users\dre\documents\github\general-vector-class-cpp\general .946c3a1b\win32\debug\main.obj
c:\users\dre\documents\github\general-vector-class-cpp\builds\win32\debug\general vector class.exe
c:\users\dre\documents\github\general-vector-class-cpp\builds\win32\debug\general vector class.pdb
c:\users\dre\documents\github\general-vector-class-cpp\general .946c3a1b\win32\debug\general vector class.ilk
c:\users\dre\documents\github\general-vector-class-cpp\\builds\win32\debug\general vector class.pdb
c:\users\dre\documents\github\general-vector-class-cpp\general .946c3a1b\win32\debug\general .946c3a1b.tlog\cl.command.1.tlog
c:\users\dre\documents\github\general-vector-class-cpp\general .946c3a1b\win32\debug\general .946c3a1b.tlog\cl.items.tlog
c:\users\dre\documents\github\general-vector-class-cpp\general .946c3a1b\win32\debug\general .946c3a1b.tlog\cl.read.1.tlog
c:\users\dre\documents\github\general-vector-class-cpp\general .946c3a1b\win32\debug\general .946c3a1b.tlog\cl.write.1.tlog
c:\users\dre\documents\github\general-vector-class-cpp\general .946c3a1b\win32\debug\general .946c3a1b.tlog\link.command.1.tlog
c:\users\dre\documents\github\general-vector-class-cpp\general .946c3a1b\win32\debug\general .946c3a1b.tlog\link.read.1.tlog
c:\users\dre\documents\github\general-vector-class-cpp\general .946c3a1b\win32\debug\general .946c3a1b.tlog\link.secondary.1.tlog
c:\users\dre\documents\github\general-vector-class-cpp\general .946c3a1b\win32\debug\general .946c3a1b.tlog\link.write.1.tlog
